<?xml version="1.0" encoding="utf-8"?><testsuites name="pytest tests"><testsuite name="pytest" errors="0" failures="0" skipped="0" tests="8" time="27.784" timestamp="2026-06-11T12:15:09.560633+00:00" hostname="agent-env-6fbbe2d4-5d72-4d80-b665-a11b528745ef"><testcase classname="backend.tests.backend_test" name="test_health" time="0.206" /><testcase classname="backend.tests.backend_test" name="test_markets_list" time="3.170" /><testcase classname="backend.tests.backend_test" name="test_analyze_btc" time="0.696" /><testcase classname="backend.tests.backend_test" name="test_analyze_pepe" time="0.693" /><testcase classname="backend.tests.backend_test" name="test_analyze_bad_symbol" time="0.682" /><testcase classname="backend.tests.backend_test" name="test_simulate_valid" time="0.050" /><testcase classname="backend.tests.backend_test" name="test_simulate_invalid_short" time="0.047" /><testcase classname="backend.tests.backend_test" name="test_agent_analysis" time="22.174" /></testsuite></testsuites>