<?xml version="1.0" encoding="utf-8"?><testsuites name="pytest tests"><testsuite name="pytest" errors="0" failures="1" skipped="0" tests="8" time="26.753" timestamp="2026-06-11T12:10:02.515064+00:00" hostname="agent-env-6fbbe2d4-5d72-4d80-b665-a11b528745ef"><testcase classname="backend.tests.backend_test" name="test_health" time="0.240" /><testcase classname="backend.tests.backend_test" name="test_markets_list" time="2.811" /><testcase classname="backend.tests.backend_test" name="test_analyze_btc" time="0.687" /><testcase classname="backend.tests.backend_test" name="test_analyze_pepe" time="0.692" /><testcase classname="backend.tests.backend_test" name="test_analyze_bad_symbol" time="0.683" /><testcase classname="backend.tests.backend_test" name="test_simulate_valid" time="0.053" /><testcase classname="backend.tests.backend_test" name="test_simulate_invalid_short" time="0.046"><failure message="AssertionError: expected 400 for invalid short setup, got 200: {&quot;ok&quot;:true,&quot;input&quot;:{&quot;currentPrice&quot;:100.0,&quot;takeProfit&quot;:96.0,&quot;stopLoss&quot;:110.0,&quot;mu&quot;:0.0,&quot;annualVolatility&quot;:0.6,&quot;daysForecast&quot;:7.0,&quot;simulations&quot;:5000,&quot;exhaustionScore&quot;:0,&quot;spotFlow&quot;:0.0,&quot;oiFlow&quot;:0.0,&quot;shortLiqAbove&quot;:0.0,&quot;longLiqBelow&quot;:0.0,&quot;lambda&quot;:0.5},&quot;liquidity&quot;:{&quot;liquidityPressure&quot;:0.0,&quot;liquidationMagnet&quot;:0.0,&quot;muAdjusted&quot;:0.0},&quot;probabilities&quot;:{&quot;probDown&quot;:0.5236,&quot;probTP&quot;:0.331,&quot;probSL&quot;:0.1184},&quot;trade&quot;:{&quot;expectedValue&quot;:0.1399999999999999,&quot;expectedValuePct&quot;:0.0013999999999999991,&quot;gain&quot;:4.0,&quot;loss&quot;:10.0,&quot;riskReward&quot;:0.4},&quot;score&quot;:{&quot;shortEntryScore&quot;:0.15674399999999997,&quot;scoreRaw&quot;:0.15674399999999997,&quot;scorePercent&quot;:16,&quot;status&quot;:&quot;NO_SHORT&quot;,&quot;components&quot;:{&quot;exhaustionComponent&quot;:0,&quot;rrScore&quot;:0.13333333333333333,&quot;evScore&quot;:0.017499999999999988,&quot;probDown&quot;:0.5236,&quot;probTP&quot;:0.331,&quot;probSL&quot;:0.1184,&quot;directionalEdge&quot;:0.04719999999999991}},&quot;stats&quot;:{&quot;median&quot;:99.5146068006009,&quot;mean&quot;:99.97330809179542,&quot;worst5&quot;:86.82045365203247,&quot;best5&quot;:114.97011279601017},&quot;chart&quot;:{&quot;buckets&quot;:[{&quot;lower&quot;:68.42092968700398,&quot;upper&quot;:69.47579938463859,&quot;mid&quot;:68.94836453582128,&quot;count&quot;:1,&quot;density&quot;:0.0002},{&quot;lower&quot;:69.47579938463859,&quot;upper&quot;:70.53066908227319,&quot;mid&quot;:70.0032342334559,&quot;count&quot;:0,&quot;density&quot;:0.0},{&quot;lower&quot;:70.53066908227319,&quot;upper&quot;:71.58553877990781,&quot;mid&quot;:71.0581039310905,&quot;count&quot;:0,&quot;density&quot;:0.0},{&quot;lower&quot;:71.58553877990781,&quot;upper&quot;:72.64040847754242,&quot;mid&quot;:72.11297362872511,&quot;count&quot;:0,&quot;density&quot;:0.0},{&quot;lower&quot;:72.64040847754242,&quot;upper&quot;:73.69527817517704,&quot;mid&quot;:73.16784332635973,&quot;count&quot;:0,&quot;density&quot;:0.0},{&quot;lower&quot;:73.69527817517704,&quot;upper&quot;:74.75014787281165,&quot;mid&quot;:74.22271302399434,&quot;count&quot;:0,&quot;density&quot;:0.0},{&quot;lower&quot;:74.75014787281165,&quot;upper&quot;:75.80501757044625,&quot;mid&quot;:75.27758272162895,&quot;count&quot;:0,&quot;density&quot;:0.0},{&quot;lower&quot;:75.80501757044625,&quot;upper&quot;:76.85988726808087,&quot;mid&quot;:76.33245241926356,&quot;count&quot;:1,&quot;density&quot;:0.0002},{&quot;lower&quot;:76.85988726808087,&quot;upper&quot;:77.91475696571548,&quot;mid&quot;:77.38732211689818,&quot;count&quot;:4,&quot;density&quot;:0.0008},{&quot;lower&quot;:77.91475696571548,&quot;upper&quot;:78.96962666335008,&quot;mid&quot;:78.44219181453279,&quot;count&quot;:3,&quot;density&quot;:0.0006},{&quot;lower&quot;:78.96962666335008,&quot;upper&quot;:80.0244963609847,&quot;mid&quot;:79.49706151216739,&quot;count&quot;:8,&quot;density&quot;:0.0016},{&quot;lower&quot;:80.0244963609847,&quot;upper&quot;:81.07936605861931,&quot;mid&quot;:80.551931209802,&quot;count&quot;:11,&quot;density&quot;:0.0022},{&quot;lower&quot;:81.07936605861931,&quot;upper&quot;:82.13423575625393,&quot;mid&quot;:81.60680090743662,&quot;count&quot;:15,&quot;density&quot;:0.003},{&quot;lower&quot;:82.13423575625393,&quot;upper&quot;:83.18910545388854,&quot;mid&quot;:82.66167060507124,&quot;count&quot;:13,&quot;density&quot;:0.0026},{&quot;lower&quot;:83.18910545388854,&quot;upper&quot;:84.24397515152314,&quot;mid&quot;:83.71654030270584,&quot;count&quot;:39,&quot;density&quot;:0.0078},{&quot;lower&quot;:84.24397515152314,&quot;upper&quot;:85.29884484915776,&quot;mid&quot;:84.77141000034045,&quot;count&quot;:46,&quot;density&quot;:0.0092},{&quot;lower&quot;:85.29884484915776,&quot;upper&quot;:86.35371454679238,&quot;mid&quot;:85.82627969797507,&quot;count&quot;:71,&quot;density&quot;:0.0142},{&quot;lower&quot;:86.35371454679238,&quot;upper&quot;:87.40858424442698,&quot;mid&quot;:86.88114939560967,&quot;count&quot;:96,&quot;density&quot;:0.0192},{&quot;lower&quot;:87.40858424442698,&quot;upper&quot;:88.46345394206159,&quot;mid&quot;:87.93601909324428,&quot;count&quot;:104,&quot;density&quot;:0.0208},{&quot;lower&quot;:88.46345394206159,&quot;upper&quot;:89.5183236396962,&quot;mid&quot;:88.9908887908789,&quot;count&quot;:112,&quot;density&quot;:0.0224},{&quot;lower&quot;:89.5183236396962,&quot;upper&quot;:90.57319333733082,&quot;mid&quot;:90.04575848851351,&quot;count&quot;:145,&quot;density&quot;:0.029},{&quot;lower&quot;:90.57319333733082,&quot;upper&quot;:91.62806303496544,&quot;mid&quot;:91.10062818614813,&quot;count&quot;:159,&quot;density&quot;:0.0318},{&quot;lower&quot;:91.62806303496544,&quot;upper&quot;:92.68293273260004,&quot;mid&quot;:92.15549788378274,&quot;count&quot;:168,&quot;density&quot;:0.0336},{&quot;lower&quot;:92.68293273260004,&quot;upper&quot;:93.73780243023465,&quot;mid&quot;:93.21036758141734,&quot;count&quot;:185,&quot;density&quot;:0.037},{&quot;lower&quot;:93.73780243023465,&quot;upper&quot;:94.79267212786927,&quot;mid&quot;:94.26523727905196,&quot;count&quot;:212,&quot;density&quot;:0.0424},{&quot;lower&quot;:94.79267212786927,&quot;upper&quot;:95.84754182550387,&quot;mid&quot;:95.32010697668656,&quot;count&quot;:225,&quot;density&quot;:0.045},{&quot;lower&quot;:95.84754182550387,&quot;upper&quot;:96.90241152313848,&quot;mid&quot;:96.37497667432118,&quot;count&quot;:242,&quot;density&quot;:0.0484},{&quot;lower&quot;:96.90241152313848,&quot;upper&quot;:97.9572812207731,&quot;mid&quot;:97.42984637195579,&quot;count&quot;:253,&quot;density&quot;:0.0506},{&quot;lower&quot;:97.9572812207731,&quot;upper&quot;:99.01215091840771,&quot;mid&quot;:98.4847160695904,&quot;count&quot;:261,&quot;density&quot;:0.0522},{&quot;lower&quot;:99.01215091840771,&quot;upper&quot;:100.06702061604233,&quot;mid&quot;:99.53958576722502,&quot;count&quot;:253,&quot;density&quot;:0.0506},{&quot;lower&quot;:100.06702061604233,&quot;upper&quot;:101.12189031367693,&quot;mid&quot;:100.59445546485964,&quot;count&quot;:264,&quot;density&quot;:0.0528},{&quot;lower&quot;:101.12189031367693,&quot;upper&quot;:102.17676001131154,&quot;mid&quot;:101.64932516249424,&quot;count&quot;:222,&quot;density&quot;:0.0444},{&quot;lower&quot;:102.17676001131154,&quot;upper&quot;:103.23162970894616,&quot;mid&quot;:102.70419486012885,&quot;count&quot;:218,&quot;density&quot;:0.0436},{&quot;lower&quot;:103.23162970894616,&quot;upper&quot;:104.28649940658076,&quot;mid&quot;:103.75906455776345,&quot;count&quot;:215,&quot;density&quot;:0.043},{&quot;lower&quot;:104.28649940658076,&quot;upper&quot;:105.34136910421537,&quot;mid&quot;:104.81393425539807,&quot;count&quot;:221,&quot;density&quot;:0.0442},{&quot;lower&quot;:105.34136910421537,&quot;upper&quot;:106.39623880184999,&quot;mid&quot;:105.86880395303268,&quot;count&quot;:169,&quot;density&quot;:0.0338},{&quot;lower&quot;:106.39623880184999,&quot;upper&quot;:107.4511084994846,&quot;mid&quot;:106.9236736506673,&quot;count&quot;:135,&quot;density&quot;:0.027},{&quot;lower&quot;:107.4511084994846,&quot;upper&quot;:108.50597819711922,&quot;mid&quot;:107.97854334830191,&quot;count&quot;:133,&quot;density&quot;:0.0266},{&quot;lower&quot;:108.50597819711922,&quot;upper&quot;:109.56084789475382,&quot;mid&quot;:109.03341304593653,&quot;count&quot;:144,&quot;density&quot;:0.0288},{&quot;lower&quot;:109.56084789475382,&quot;upper&quot;:110.61571759238844,&quot;mid&quot;:110.08828274357113,&quot;count&quot;:115,&quot;density&quot;:0.023},{&quot;lower&quot;:110.61571759238844,&quot;upper&quot;:111.67058729002305,&quot;mid&quot;:111.14315244120574,&quot;count&quot;:88,&quot;density&quot;:0.0176},{&quot;lower&quot;:111.67058729002305,&quot;upper&quot;:112.72545698765765,&quot;mid&quot;:112.19802213884034,&quot;count&quot;:83,&quot;density&quot;:0.0166},{&quot;lower&quot;:112.72545698765765,&quot;upper&quot;:113.78032668529227,&quot;mid&quot;:113.25289183647496,&quot;count&quot;:50,&quot;density&quot;:0.01},{&quot;lower&quot;:113.78032668529227,&quot;upper&quot;:114.83519638292688,&quot;mid&quot;:114.30776153410957,&quot;count&quot;:64,&quot;density&quot;:0.0128},{&quot;lower&quot;:114.83519638292688,&quot;upper&quot;:115.8900660805615,&quot;mid&quot;:115.36263123174419,&quot;count&quot;:44,&quot;density&quot;:0.0088},{&quot;lower&quot;:115.8900660805615,&quot;upper&quot;:116.94493577819611,&quot;mid&quot;:116.4175009293788,&quot;count&quot;:50,&quot;density&quot;:0.01},{&quot;lower&quot;:116.94493577819611,&quot;upper&quot;:117.99980547583071,&quot;mid&quot;:117.47237062701342,&quot;count&quot;:32,&quot;density&quot;:0.0064},{&quot;lower&quot;:117.99980547583071,&quot;upper&quot;:119.05467517346533,&quot;mid&quot;:118.52724032464802,&quot;count&quot;:29,&quot;density&quot;:0.0058},{&quot;lower&quot;:119.05467517346533,&quot;upper&quot;:120.10954487109994,&quot;mid&quot;:119.58211002228263,&quot;count&quot;:16,&quot;density&quot;:0.0032},{&quot;lower&quot;:120.10954487109994,&quot;upper&quot;:121.16441456873454,&quot;mid&quot;:120.63697971991724,&quot;count&quot;:18,&quot;density&quot;:0.0036},{&quot;lower&quot;:121.16441456873454,&quot;upper&quot;:122.21928426636916,&quot;mid&quot;:121.69184941755185,&quot;count&quot;:14,&quot;density&quot;:0.0028},{&quot;lower&quot;:122.21928426636916,&quot;upper&quot;:123.27415396400377,&quot;mid&quot;:122.74671911518647,&quot;count&quot;:13,&quot;density&quot;:0.0026},{&quot;lower&quot;:123.27415396400377,&quot;upper&quot;:124.32902366163839,&quot;mid&quot;:123.80158881282108,&quot;count&quot;:16,&quot;density&quot;:0.0032},{&quot;lower&quot;:124.32902366163839,&quot;upper&quot;:125.383893359273,&quot;mid&quot;:124.8564585104557,&quot;count&quot;:5,&quot;density&quot;:0.001},{&quot;lower&quot;:125.383893359273,&quot;upper&quot;:126.4387630569076,&quot;mid&quot;:125.91132820809031,&quot;count&quot;:5,&quot;density&quot;:0.001},{&quot;lower&quot;:126.4387630569076,&quot;upper&quot;:127.49363275454222,&quot;mid&quot;:126.96619790572491,&quot;count&quot;:2,&quot;density&quot;:0.0004},{&quot;lower&quot;:127.49363275454222,&quot;upper&quot;:128.54850245217682,&quot;mid&quot;:128.02106760335954,&quot;count&quot;:3,&quot;density&quot;:0.0006},{&quot;lower&quot;:128.54850245217682,&quot;upper&quot;:129.60337214981143,&quot;mid&quot;:129.07593730099413,&quot;count&quot;:1,&quot;density&quot;:0.0002},{&quot;lower&quot;:129.60337214981143,&quot;upper&quot;:130.65824184744605,&quot;mid&quot;:130.13080699862874,&quot;count&quot;:2,&quot;density&quot;:0.0004},{&quot;lower&quot;:130.65824184744605,&quot;upper&quot;:131.71311154508066,&quot;mid&quot;:131.18567669626336,&quot;count&quot;:2,&quot;density&quot;:0.0004}]}}&#10;assert 200 in (400,)&#10; +  where 200 = &lt;Response [200]&gt;.status_code">backend/tests/backend_test.py:94: in test_simulate_invalid_short
    assert r.status_code in (400,), f"expected 400 for invalid short setup, got {r.status_code}: {r.text}"
E   AssertionError: expected 400 for invalid short setup, got 200: {"ok":true,"input":{"currentPrice":100.0,"takeProfit":96.0,"stopLoss":110.0,"mu":0.0,"annualVolatility":0.6,"daysForecast":7.0,"simulations":5000,"exhaustionScore":0,"spotFlow":0.0,"oiFlow":0.0,"shortLiqAbove":0.0,"longLiqBelow":0.0,"lambda":0.5},"liquidity":{"liquidityPressure":0.0,"liquidationMagnet":0.0,"muAdjusted":0.0},"probabilities":{"probDown":0.5236,"probTP":0.331,"probSL":0.1184},"trade":{"expectedValue":0.1399999999999999,"expectedValuePct":0.0013999999999999991,"gain":4.0,"loss":10.0,"riskReward":0.4},"score":{"shortEntryScore":0.15674399999999997,"scoreRaw":0.15674399999999997,"scorePercent":16,"status":"NO_SHORT","components":{"exhaustionComponent":0,"rrScore":0.13333333333333333,"evScore":0.017499999999999988,"probDown":0.5236,"probTP":0.331,"probSL":0.1184,"directionalEdge":0.04719999999999991}},"stats":{"median":99.5146068006009,"mean":99.97330809179542,"worst5":86.82045365203247,"best5":114.97011279601017},"chart":{"buckets":[{"lower":68.42092968700398,"upper":69.47579938463859,"mid":68.94836453582128,"count":1,"density":0.0002},{"lower":69.47579938463859,"upper":70.53066908227319,"mid":70.0032342334559,"count":0,"density":0.0},{"lower":70.53066908227319,"upper":71.58553877990781,"mid":71.0581039310905,"count":0,"density":0.0},{"lower":71.58553877990781,"upper":72.64040847754242,"mid":72.11297362872511,"count":0,"density":0.0},{"lower":72.64040847754242,"upper":73.69527817517704,"mid":73.16784332635973,"count":0,"density":0.0},{"lower":73.69527817517704,"upper":74.75014787281165,"mid":74.22271302399434,"count":0,"density":0.0},{"lower":74.75014787281165,"upper":75.80501757044625,"mid":75.27758272162895,"count":0,"density":0.0},{"lower":75.80501757044625,"upper":76.85988726808087,"mid":76.33245241926356,"count":1,"density":0.0002},{"lower":76.85988726808087,"upper":77.91475696571548,"mid":77.38732211689818,"count":4,"density":0.0008},{"lower":77.91475696571548,"upper":78.96962666335008,"mid":78.44219181453279,"count":3,"density":0.0006},{"lower":78.96962666335008,"upper":80.0244963609847,"mid":79.49706151216739,"count":8,"density":0.0016},{"lower":80.0244963609847,"upper":81.07936605861931,"mid":80.551931209802,"count":11,"density":0.0022},{"lower":81.07936605861931,"upper":82.13423575625393,"mid":81.60680090743662,"count":15,"density":0.003},{"lower":82.13423575625393,"upper":83.18910545388854,"mid":82.66167060507124,"count":13,"density":0.0026},{"lower":83.18910545388854,"upper":84.24397515152314,"mid":83.71654030270584,"count":39,"density":0.0078},{"lower":84.24397515152314,"upper":85.29884484915776,"mid":84.77141000034045,"count":46,"density":0.0092},{"lower":85.29884484915776,"upper":86.35371454679238,"mid":85.82627969797507,"count":71,"density":0.0142},{"lower":86.35371454679238,"upper":87.40858424442698,"mid":86.88114939560967,"count":96,"density":0.0192},{"lower":87.40858424442698,"upper":88.46345394206159,"mid":87.93601909324428,"count":104,"density":0.0208},{"lower":88.46345394206159,"upper":89.5183236396962,"mid":88.9908887908789,"count":112,"density":0.0224},{"lower":89.5183236396962,"upper":90.57319333733082,"mid":90.04575848851351,"count":145,"density":0.029},{"lower":90.57319333733082,"upper":91.62806303496544,"mid":91.10062818614813,"count":159,"density":0.0318},{"lower":91.62806303496544,"upper":92.68293273260004,"mid":92.15549788378274,"count":168,"density":0.0336},{"lower":92.68293273260004,"upper":93.73780243023465,"mid":93.21036758141734,"count":185,"density":0.037},{"lower":93.73780243023465,"upper":94.79267212786927,"mid":94.26523727905196,"count":212,"density":0.0424},{"lower":94.79267212786927,"upper":95.84754182550387,"mid":95.32010697668656,"count":225,"density":0.045},{"lower":95.84754182550387,"upper":96.90241152313848,"mid":96.37497667432118,"count":242,"density":0.0484},{"lower":96.90241152313848,"upper":97.9572812207731,"mid":97.42984637195579,"count":253,"density":0.0506},{"lower":97.9572812207731,"upper":99.01215091840771,"mid":98.4847160695904,"count":261,"density":0.0522},{"lower":99.01215091840771,"upper":100.06702061604233,"mid":99.53958576722502,"count":253,"density":0.0506},{"lower":100.06702061604233,"upper":101.12189031367693,"mid":100.59445546485964,"count":264,"density":0.0528},{"lower":101.12189031367693,"upper":102.17676001131154,"mid":101.64932516249424,"count":222,"density":0.0444},{"lower":102.17676001131154,"upper":103.23162970894616,"mid":102.70419486012885,"count":218,"density":0.0436},{"lower":103.23162970894616,"upper":104.28649940658076,"mid":103.75906455776345,"count":215,"density":0.043},{"lower":104.28649940658076,"upper":105.34136910421537,"mid":104.81393425539807,"count":221,"density":0.0442},{"lower":105.34136910421537,"upper":106.39623880184999,"mid":105.86880395303268,"count":169,"density":0.0338},{"lower":106.39623880184999,"upper":107.4511084994846,"mid":106.9236736506673,"count":135,"density":0.027},{"lower":107.4511084994846,"upper":108.50597819711922,"mid":107.97854334830191,"count":133,"density":0.0266},{"lower":108.50597819711922,"upper":109.56084789475382,"mid":109.03341304593653,"count":144,"density":0.0288},{"lower":109.56084789475382,"upper":110.61571759238844,"mid":110.08828274357113,"count":115,"density":0.023},{"lower":110.61571759238844,"upper":111.67058729002305,"mid":111.14315244120574,"count":88,"density":0.0176},{"lower":111.67058729002305,"upper":112.72545698765765,"mid":112.19802213884034,"count":83,"density":0.0166},{"lower":112.72545698765765,"upper":113.78032668529227,"mid":113.25289183647496,"count":50,"density":0.01},{"lower":113.78032668529227,"upper":114.83519638292688,"mid":114.30776153410957,"count":64,"density":0.0128},{"lower":114.83519638292688,"upper":115.8900660805615,"mid":115.36263123174419,"count":44,"density":0.0088},{"lower":115.8900660805615,"upper":116.94493577819611,"mid":116.4175009293788,"count":50,"density":0.01},{"lower":116.94493577819611,"upper":117.99980547583071,"mid":117.47237062701342,"count":32,"density":0.0064},{"lower":117.99980547583071,"upper":119.05467517346533,"mid":118.52724032464802,"count":29,"density":0.0058},{"lower":119.05467517346533,"upper":120.10954487109994,"mid":119.58211002228263,"count":16,"density":0.0032},{"lower":120.10954487109994,"upper":121.16441456873454,"mid":120.63697971991724,"count":18,"density":0.0036},{"lower":121.16441456873454,"upper":122.21928426636916,"mid":121.69184941755185,"count":14,"density":0.0028},{"lower":122.21928426636916,"upper":123.27415396400377,"mid":122.74671911518647,"count":13,"density":0.0026},{"lower":123.27415396400377,"upper":124.32902366163839,"mid":123.80158881282108,"count":16,"density":0.0032},{"lower":124.32902366163839,"upper":125.383893359273,"mid":124.8564585104557,"count":5,"density":0.001},{"lower":125.383893359273,"upper":126.4387630569076,"mid":125.91132820809031,"count":5,"density":0.001},{"lower":126.4387630569076,"upper":127.49363275454222,"mid":126.96619790572491,"count":2,"density":0.0004},{"lower":127.49363275454222,"upper":128.54850245217682,"mid":128.02106760335954,"count":3,"density":0.0006},{"lower":128.54850245217682,"upper":129.60337214981143,"mid":129.07593730099413,"count":1,"density":0.0002},{"lower":129.60337214981143,"upper":130.65824184744605,"mid":130.13080699862874,"count":2,"density":0.0004},{"lower":130.65824184744605,"upper":131.71311154508066,"mid":131.18567669626336,"count":2,"density":0.0004}]}}
E   assert 200 in (400,)
E    +  where 200 = &lt;Response [200]&gt;.status_code</failure></testcase><testcase classname="backend.tests.backend_test" name="test_agent_analysis" time="21.358" /></testsuite></testsuites>